<?xml version="1.0" encoding="UTF-8"?>
<!-- Generated by org.testng.reporters.JUnitReportReporter -->
<testsuite hostname="SHI58495EU1506F" name="testpackage.Mavenjava.AppiumTest" tests="2" failures="0" timestamp="26 Dec 2018 12:56:20 GMT" time="0.054" errors="0">
  <testcase name="NativeAppAndroid" time="0.047" classname="testpackage.Mavenjava.AppiumTest"/>
  <testcase name="iOSApp" time="0.007" classname="testpackage.Mavenjava.AppiumTest"/>
</testsuite> <!-- testpackage.Mavenjava.AppiumTest -->
