<?xml version="1.0" encoding="UTF-8"?>
<!-- Generated by org.testng.reporters.JUnitReportReporter -->
<testsuite hostname="SHI58495EU1506F" name="testpackage.Mavenjava.RestAPITest" tests="2" failures="0" timestamp="26 Dec 2018 12:56:20 GMT" time="0.015" errors="0">
  <testcase name="deleteTwitter" time="0.004" classname="testpackage.Mavenjava.RestAPITest"/>
  <testcase name="postJira" time="0.011" classname="testpackage.Mavenjava.RestAPITest"/>
</testsuite> <!-- testpackage.Mavenjava.RestAPITest -->
