<?xml version="1.0" encoding="UTF-8"?>
<!-- Generated by org.testng.reporters.JUnitReportReporter -->
<testsuite hostname="SHI58495EU1506F" name="testpackage.Mavenjava.AppiumTest" tests="2" failures="0" timestamp="28 Dec 2018 09:54:35 GMT" time="0.022" errors="0">
  <testcase name="iOSApp" time="0.000" classname="testpackage.Mavenjava.AppiumTest"/>
  <testcase name="NativeAppAndroid" time="0.022" classname="testpackage.Mavenjava.AppiumTest"/>
</testsuite> <!-- testpackage.Mavenjava.AppiumTest -->
